Performing C++ SOURCE FILE Test HAVE_FILESYSTEM_IN_STD failed with the following output:
Change Dir: /volume/instant-ngp/build/CMakeFiles/CMakeTmp

Run Build Command(s):/usr/bin/make -f Makefile cmTC_0ad0d/fast && /usr/bin/make  -f CMakeFiles/cmTC_0ad0d.dir/build.make CMakeFiles/cmTC_0ad0d.dir/build
make[1]: Entering directory '/volume/instant-ngp/build/CMakeFiles/CMakeTmp'
Building CXX object CMakeFiles/cmTC_0ad0d.dir/src.cxx.o
/usr/bin/c++ -DHAVE_FILESYSTEM_IN_STD -I/volume/instant-ngp/dependencies/OpenXR-SDK/src/common -fPIC -DCMAKE_CXX_STANDARD=14 -DCMAKE_CXX_STANDARD_REQUIRED=TRUE -fPIC -std=c++14 -o CMakeFiles/cmTC_0ad0d.dir/src.cxx.o -c /volume/instant-ngp/build/CMakeFiles/CMakeTmp/src.cxx
/volume/instant-ngp/build/CMakeFiles/CMakeTmp/src.cxx: In function ‘int main()’:
/volume/instant-ngp/build/CMakeFiles/CMakeTmp/src.cxx:8:15: error: ‘is_regular_file’ was not declared in this scope
         (void)is_regular_file("/");
               ^~~~~~~~~~~~~~~
CMakeFiles/cmTC_0ad0d.dir/build.make:77: recipe for target 'CMakeFiles/cmTC_0ad0d.dir/src.cxx.o' failed
make[1]: *** [CMakeFiles/cmTC_0ad0d.dir/src.cxx.o] Error 1
make[1]: Leaving directory '/volume/instant-ngp/build/CMakeFiles/CMakeTmp'
Makefile:127: recipe for target 'cmTC_0ad0d/fast' failed
make: *** [cmTC_0ad0d/fast] Error 2


Source file was:
#include <stdfs_conditions.h>
    
    #if defined(USE_FINAL_FS) && USE_FINAL_FS
    #include <filesystem>
    using namespace std::filesystem;
    #endif
    int main() {
        (void)is_regular_file("/");
        return 0;
    }
    
    
Performing C++ SOURCE FILE Test HAVE_FILESYSTEM_IN_STD_17 failed with the following output:
Change Dir: /volume/instant-ngp/build/CMakeFiles/CMakeTmp

Run Build Command(s):/usr/bin/make -f Makefile cmTC_e38a4/fast && /usr/bin/make  -f CMakeFiles/cmTC_e38a4.dir/build.make CMakeFiles/cmTC_e38a4.dir/build
make[1]: Entering directory '/volume/instant-ngp/build/CMakeFiles/CMakeTmp'
Building CXX object CMakeFiles/cmTC_e38a4.dir/src.cxx.o
/usr/bin/c++ -DHAVE_FILESYSTEM_IN_STD_17 -I/volume/instant-ngp/dependencies/OpenXR-SDK/src/common -fPIC -DCMAKE_CXX_STANDARD=17 -DCMAKE_CXX_STANDARD_REQUIRED=TRUE -fPIC -std=c++14 -o CMakeFiles/cmTC_e38a4.dir/src.cxx.o -c /volume/instant-ngp/build/CMakeFiles/CMakeTmp/src.cxx
/volume/instant-ngp/build/CMakeFiles/CMakeTmp/src.cxx: In function ‘int main()’:
/volume/instant-ngp/build/CMakeFiles/CMakeTmp/src.cxx:8:15: error: ‘is_regular_file’ was not declared in this scope
         (void)is_regular_file("/");
               ^~~~~~~~~~~~~~~
CMakeFiles/cmTC_e38a4.dir/build.make:77: recipe for target 'CMakeFiles/cmTC_e38a4.dir/src.cxx.o' failed
make[1]: *** [CMakeFiles/cmTC_e38a4.dir/src.cxx.o] Error 1
make[1]: Leaving directory '/volume/instant-ngp/build/CMakeFiles/CMakeTmp'
Makefile:127: recipe for target 'cmTC_e38a4/fast' failed
make: *** [cmTC_e38a4/fast] Error 2


Source file was:
#include <stdfs_conditions.h>
    
    #if defined(USE_FINAL_FS) && USE_FINAL_FS
    #include <filesystem>
    using namespace std::filesystem;
    #endif
    int main() {
        (void)is_regular_file("/");
        return 0;
    }
    
    
Performing C++ SOURCE FILE Test HAVE_FILESYSTEM_WITHOUT_LIB failed with the following output:
Change Dir: /volume/instant-ngp/build/CMakeFiles/CMakeTmp

Run Build Command(s):/usr/bin/make -f Makefile cmTC_ddbe5/fast && /usr/bin/make  -f CMakeFiles/cmTC_ddbe5.dir/build.make CMakeFiles/cmTC_ddbe5.dir/build
make[1]: Entering directory '/volume/instant-ngp/build/CMakeFiles/CMakeTmp'
Building CXX object CMakeFiles/cmTC_ddbe5.dir/src.cxx.o
/usr/bin/c++ -DHAVE_FILESYSTEM_WITHOUT_LIB -I/volume/instant-ngp/dependencies/OpenXR-SDK/src/common -fPIC  -fPIE -std=c++14 -o CMakeFiles/cmTC_ddbe5.dir/src.cxx.o -c /volume/instant-ngp/build/CMakeFiles/CMakeTmp/src.cxx
Linking CXX executable cmTC_ddbe5
/usr/local/lib/python3.8/site-packages/cmake/data/bin/cmake -E cmake_link_script CMakeFiles/cmTC_ddbe5.dir/link.txt --verbose=1
/usr/bin/c++  -fPIC  CMakeFiles/cmTC_ddbe5.dir/src.cxx.o -o cmTC_ddbe5 
CMakeFiles/cmTC_ddbe5.dir/src.cxx.o: In function `std::experimental::filesystem::v1::is_regular_file(std::experimental::filesystem::v1::__cxx11::path const&)':
src.cxx:(.text._ZNSt12experimental10filesystem2v115is_regular_fileERKNS1_7__cxx114pathE[_ZNSt12experimental10filesystem2v115is_regular_fileERKNS1_7__cxx114pathE]+0x14): undefined reference to `std::experimental::filesystem::v1::status(std::experimental::filesystem::v1::__cxx11::path const&)'
CMakeFiles/cmTC_ddbe5.dir/src.cxx.o: In function `std::experimental::filesystem::v1::__cxx11::path::path<char [2], std::experimental::filesystem::v1::__cxx11::path>(char const (&) [2])':
src.cxx:(.text._ZNSt12experimental10filesystem2v17__cxx114pathC2IA2_cS3_EERKT_[_ZNSt12experimental10filesystem2v17__cxx114pathC5IA2_cS3_EERKT_]+0x73): undefined reference to `std::experimental::filesystem::v1::__cxx11::path::_M_split_cmpts()'
collect2: error: ld returned 1 exit status
CMakeFiles/cmTC_ddbe5.dir/build.make:98: recipe for target 'cmTC_ddbe5' failed
make[1]: *** [cmTC_ddbe5] Error 1
make[1]: Leaving directory '/volume/instant-ngp/build/CMakeFiles/CMakeTmp'
Makefile:127: recipe for target 'cmTC_ddbe5/fast' failed
make: *** [cmTC_ddbe5/fast] Error 2


Source file was:
#include <stdfs_conditions.h>
    
    #if defined(USE_FINAL_FS) && USE_FINAL_FS
    #include <filesystem>
    using namespace std::filesystem;
    #endif
    #if defined(USE_EXPERIMENTAL_FS) && USE_EXPERIMENTAL_FS
    #include <experimental/filesystem>
    using namespace std::experimental::filesystem;
    #endif
    int main() {
        (void)is_regular_file("/");
        return 0;
    }
    
    
Performing C++ SOURCE FILE Test HAVE_FILESYSTEM_NEEDING_LIBCXXFS failed with the following output:
Change Dir: /volume/instant-ngp/build/CMakeFiles/CMakeTmp

Run Build Command(s):/usr/bin/make -f Makefile cmTC_33053/fast && /usr/bin/make  -f CMakeFiles/cmTC_33053.dir/build.make CMakeFiles/cmTC_33053.dir/build
make[1]: Entering directory '/volume/instant-ngp/build/CMakeFiles/CMakeTmp'
Building CXX object CMakeFiles/cmTC_33053.dir/src.cxx.o
/usr/bin/c++ -DHAVE_FILESYSTEM_NEEDING_LIBCXXFS -I/volume/instant-ngp/dependencies/OpenXR-SDK/src/common -fPIC  -fPIE -std=c++14 -o CMakeFiles/cmTC_33053.dir/src.cxx.o -c /volume/instant-ngp/build/CMakeFiles/CMakeTmp/src.cxx
Linking CXX executable cmTC_33053
/usr/local/lib/python3.8/site-packages/cmake/data/bin/cmake -E cmake_link_script CMakeFiles/cmTC_33053.dir/link.txt --verbose=1
/usr/bin/c++  -fPIC  CMakeFiles/cmTC_33053.dir/src.cxx.o -o cmTC_33053  -lc++fs 
/usr/bin/ld: cannot find -lc++fs
collect2: error: ld returned 1 exit status
CMakeFiles/cmTC_33053.dir/build.make:98: recipe for target 'cmTC_33053' failed
make[1]: *** [cmTC_33053] Error 1
make[1]: Leaving directory '/volume/instant-ngp/build/CMakeFiles/CMakeTmp'
Makefile:127: recipe for target 'cmTC_33053/fast' failed
make: *** [cmTC_33053/fast] Error 2


Source file was:
#include <stdfs_conditions.h>
    
    #if defined(USE_FINAL_FS) && USE_FINAL_FS
    #include <filesystem>
    using namespace std::filesystem;
    #endif
    #if defined(USE_EXPERIMENTAL_FS) && USE_EXPERIMENTAL_FS
    #include <experimental/filesystem>
    using namespace std::experimental::filesystem;
    #endif
    int main() {
        (void)is_regular_file("/");
        return 0;
    }
    
    
Performing C SOURCE FILE Test CMAKE_HAVE_LIBC_PTHREAD failed with the following output:
Change Dir: /volume/instant-ngp/build/CMakeFiles/CMakeTmp

Run Build Command(s):/usr/bin/make -f Makefile cmTC_73205/fast && /usr/bin/make  -f CMakeFiles/cmTC_73205.dir/build.make CMakeFiles/cmTC_73205.dir/build
make[1]: Entering directory '/volume/instant-ngp/build/CMakeFiles/CMakeTmp'
Building C object CMakeFiles/cmTC_73205.dir/src.c.o
/usr/bin/cc -DCMAKE_HAVE_LIBC_PTHREAD  -fPIE -o CMakeFiles/cmTC_73205.dir/src.c.o -c /volume/instant-ngp/build/CMakeFiles/CMakeTmp/src.c
Linking C executable cmTC_73205
/usr/local/lib/python3.8/site-packages/cmake/data/bin/cmake -E cmake_link_script CMakeFiles/cmTC_73205.dir/link.txt --verbose=1
/usr/bin/cc CMakeFiles/cmTC_73205.dir/src.c.o -o cmTC_73205 
CMakeFiles/cmTC_73205.dir/src.c.o: In function `main':
src.c:(.text+0x3e): undefined reference to `pthread_create'
src.c:(.text+0x4a): undefined reference to `pthread_detach'
src.c:(.text+0x56): undefined reference to `pthread_cancel'
src.c:(.text+0x67): undefined reference to `pthread_join'
src.c:(.text+0x7b): undefined reference to `pthread_atfork'
collect2: error: ld returned 1 exit status
CMakeFiles/cmTC_73205.dir/build.make:98: recipe for target 'cmTC_73205' failed
make[1]: *** [cmTC_73205] Error 1
make[1]: Leaving directory '/volume/instant-ngp/build/CMakeFiles/CMakeTmp'
Makefile:127: recipe for target 'cmTC_73205/fast' failed
make: *** [cmTC_73205/fast] Error 2


Source file was:
#include <pthread.h>

static void* test_func(void* data)
{
  return data;
}

int main(void)
{
  pthread_t thread;
  pthread_create(&thread, NULL, test_func, NULL);
  pthread_detach(thread);
  pthread_cancel(thread);
  pthread_join(thread, NULL);
  pthread_atfork(NULL, NULL, NULL);
  pthread_exit(NULL);

  return 0;
}

Determining if the function pthread_create exists in the pthreads failed with the following output:
Change Dir: /volume/instant-ngp/build/CMakeFiles/CMakeTmp

Run Build Command(s):/usr/bin/make -f Makefile cmTC_1b3e8/fast && /usr/bin/make  -f CMakeFiles/cmTC_1b3e8.dir/build.make CMakeFiles/cmTC_1b3e8.dir/build
make[1]: Entering directory '/volume/instant-ngp/build/CMakeFiles/CMakeTmp'
Building C object CMakeFiles/cmTC_1b3e8.dir/CheckFunctionExists.c.o
/usr/bin/cc   -DCHECK_FUNCTION_EXISTS=pthread_create -fPIE -o CMakeFiles/cmTC_1b3e8.dir/CheckFunctionExists.c.o -c /usr/local/lib/python3.8/site-packages/cmake/data/share/cmake-3.21/Modules/CheckFunctionExists.c
Linking C executable cmTC_1b3e8
/usr/local/lib/python3.8/site-packages/cmake/data/bin/cmake -E cmake_link_script CMakeFiles/cmTC_1b3e8.dir/link.txt --verbose=1
/usr/bin/cc  -DCHECK_FUNCTION_EXISTS=pthread_create -rdynamic CMakeFiles/cmTC_1b3e8.dir/CheckFunctionExists.c.o -o cmTC_1b3e8  -lpthreads 
/usr/bin/ld: cannot find -lpthreads
collect2: error: ld returned 1 exit status
CMakeFiles/cmTC_1b3e8.dir/build.make:98: recipe for target 'cmTC_1b3e8' failed
make[1]: *** [cmTC_1b3e8] Error 1
make[1]: Leaving directory '/volume/instant-ngp/build/CMakeFiles/CMakeTmp'
Makefile:127: recipe for target 'cmTC_1b3e8/fast' failed
make: *** [cmTC_1b3e8/fast] Error 2



Determining if the function __secure_getenv exists failed with the following output:
Change Dir: /volume/instant-ngp/build/CMakeFiles/CMakeTmp

Run Build Command(s):/usr/bin/make -f Makefile cmTC_72216/fast && /usr/bin/make  -f CMakeFiles/cmTC_72216.dir/build.make CMakeFiles/cmTC_72216.dir/build
make[1]: Entering directory '/volume/instant-ngp/build/CMakeFiles/CMakeTmp'
Building C object CMakeFiles/cmTC_72216.dir/CheckFunctionExists.c.o
/usr/bin/cc   -DCHECK_FUNCTION_EXISTS=__secure_getenv -fPIE -o CMakeFiles/cmTC_72216.dir/CheckFunctionExists.c.o -c /usr/local/lib/python3.8/site-packages/cmake/data/share/cmake-3.21/Modules/CheckFunctionExists.c
Linking C executable cmTC_72216
/usr/local/lib/python3.8/site-packages/cmake/data/bin/cmake -E cmake_link_script CMakeFiles/cmTC_72216.dir/link.txt --verbose=1
/usr/bin/cc  -DCHECK_FUNCTION_EXISTS=__secure_getenv -rdynamic CMakeFiles/cmTC_72216.dir/CheckFunctionExists.c.o -o cmTC_72216 
CMakeFiles/cmTC_72216.dir/CheckFunctionExists.c.o: In function `main':
CheckFunctionExists.c:(.text+0x10): undefined reference to `__secure_getenv'
collect2: error: ld returned 1 exit status
CMakeFiles/cmTC_72216.dir/build.make:98: recipe for target 'cmTC_72216' failed
make[1]: *** [cmTC_72216] Error 1
make[1]: Leaving directory '/volume/instant-ngp/build/CMakeFiles/CMakeTmp'
Makefile:127: recipe for target 'cmTC_72216/fast' failed
make: *** [cmTC_72216/fast] Error 2



Performing C++ SOURCE FILE Test SUPPORTS_Werrorunusedargument failed with the following output:
Change Dir: /volume/instant-ngp/build/CMakeFiles/CMakeTmp

Run Build Command(s):/usr/bin/make -f Makefile cmTC_6d101/fast && /usr/bin/make  -f CMakeFiles/cmTC_6d101.dir/build.make CMakeFiles/cmTC_6d101.dir/build
make[1]: Entering directory '/volume/instant-ngp/build/CMakeFiles/CMakeTmp'
Building CXX object CMakeFiles/cmTC_6d101.dir/src.cxx.o
/usr/bin/c++ -DSUPPORTS_Werrorunusedargument  -fPIC -Wall -Werror=unused-parameter  -fPIE   -Werror=unused-argument -std=c++14 -o CMakeFiles/cmTC_6d101.dir/src.cxx.o -c /volume/instant-ngp/build/CMakeFiles/CMakeTmp/src.cxx
cc1plus: error: -Werror=unused-argument: no option -Wunused-argument
CMakeFiles/cmTC_6d101.dir/build.make:77: recipe for target 'CMakeFiles/cmTC_6d101.dir/src.cxx.o' failed
make[1]: *** [CMakeFiles/cmTC_6d101.dir/src.cxx.o] Error 1
make[1]: Leaving directory '/volume/instant-ngp/build/CMakeFiles/CMakeTmp'
Makefile:127: recipe for target 'cmTC_6d101/fast' failed
make: *** [cmTC_6d101/fast] Error 2


Source file was:
int main() { return 0; }
Performing C SOURCE FILE Test SUPPORTS_C_Werrorunusedargument failed with the following output:
Change Dir: /volume/instant-ngp/build/CMakeFiles/CMakeTmp

Run Build Command(s):/usr/bin/make -f Makefile cmTC_54a7b/fast && /usr/bin/make  -f CMakeFiles/cmTC_54a7b.dir/build.make CMakeFiles/cmTC_54a7b.dir/build
make[1]: Entering directory '/volume/instant-ngp/build/CMakeFiles/CMakeTmp'
Building C object CMakeFiles/cmTC_54a7b.dir/src.c.o
/usr/bin/cc -DSUPPORTS_C_Werrorunusedargument  -Wall -Werror=unused-parameter  -fPIE   -Werror=unused-argument -o CMakeFiles/cmTC_54a7b.dir/src.c.o -c /volume/instant-ngp/build/CMakeFiles/CMakeTmp/src.c
cc1: error: -Werror=unused-argument: no option -Wunused-argument
CMakeFiles/cmTC_54a7b.dir/build.make:77: recipe for target 'CMakeFiles/cmTC_54a7b.dir/src.c.o' failed
make[1]: *** [CMakeFiles/cmTC_54a7b.dir/src.c.o] Error 1
make[1]: Leaving directory '/volume/instant-ngp/build/CMakeFiles/CMakeTmp'
Makefile:127: recipe for target 'cmTC_54a7b/fast' failed
make: *** [cmTC_54a7b/fast] Error 2


Source file was:
int main(void) { return 0; }
